[0.578s] DEBUG:colcon:Command line arguments: ['/usr/bin/colcon', 'build']
[0.578s] DEBUG:colcon:Parsed command line arguments: Namespace(log_base=None, log_level=None, verb_name='build', build_base='build', install_base='install', merge_install=False, symlink_install=False, test_result_base=None, continue_on_error=False, executor='parallel', parallel_workers=16, event_handlers=None, ignore_user_meta=False, metas=['./colcon.meta'], base_paths=['.'], packages_ignore=None, packages_ignore_regex=None, paths=None, packages_up_to=None, packages_up_to_regex=None, packages_above=None, packages_above_and_dependencies=None, packages_above_depth=None, packages_select_by_dep=None, packages_skip_by_dep=None, packages_skip_up_to=None, packages_select_build_failed=False, packages_skip_build_finished=False, packages_select_test_failures=False, packages_skip_test_passed=False, packages_select=None, packages_skip=None, packages_select_regex=None, packages_skip_regex=None, packages_start=None, packages_end=None, allow_overriding=[], cmake_args=None, cmake_target=None, cmake_target_skip_unavailable=False, cmake_clean_cache=False, cmake_clean_first=False, cmake_force_configure=False, ament_cmake_args=None, catkin_cmake_args=None, catkin_skip_building_tests=False, verb_parser=<colcon_defaults.argument_parser.defaults.DefaultArgumentsDecorator object at 0x7fd6686e5cf0>, verb_extension=<colcon_core.verb.build.BuildVerb object at 0x7fd6689ae440>, main=<bound method BuildVerb.main of <colcon_core.verb.build.BuildVerb object at 0x7fd6689ae440>>)
[0.628s] Level 1:colcon.colcon_core.package_discovery:discover_packages(colcon_meta) check parameters
[0.629s] Level 1:colcon.colcon_core.package_discovery:discover_packages(recursive) check parameters
[0.629s] Level 1:colcon.colcon_core.package_discovery:discover_packages(ignore) check parameters
[0.629s] Level 1:colcon.colcon_core.package_discovery:discover_packages(path) check parameters
[0.629s] Level 1:colcon.colcon_core.package_discovery:discover_packages(colcon_meta) discover
[0.629s] Level 1:colcon.colcon_core.package_discovery:discover_packages(recursive) discover
[0.629s] INFO:colcon.colcon_core.package_discovery:Crawling recursively for packages in '/uolstore/home/users/fy21jrz/ros2_ws/src/lab5'
[0.630s] Level 1:colcon.colcon_core.package_identification:_identify(.) by extensions ['ignore', 'ignore_ament_install']
[0.630s] Level 1:colcon.colcon_core.package_identification:_identify(.) by extension 'ignore'
[0.630s] Level 1:colcon.colcon_core.package_identification:_identify(.) by extension 'ignore_ament_install'
[0.630s] Level 1:colcon.colcon_core.package_identification:_identify(.) by extensions ['colcon_pkg']
[0.630s] Level 1:colcon.colcon_core.package_identification:_identify(.) by extension 'colcon_pkg'
[0.630s] Level 1:colcon.colcon_core.package_identification:_identify(.) by extensions ['colcon_meta']
[0.630s] Level 1:colcon.colcon_core.package_identification:_identify(.) by extension 'colcon_meta'
[0.630s] Level 1:colcon.colcon_core.package_identification:_identify(.) by extensions ['ros']
[0.630s] Level 1:colcon.colcon_core.package_identification:_identify(.) by extension 'ros'
[0.644s] DEBUG:colcon.colcon_core.package_identification:Package '.' with type 'ros.ament_python' and name 'lab5'
[0.644s] Level 1:colcon.colcon_core.package_discovery:discover_packages(recursive) using defaults
[0.644s] Level 1:colcon.colcon_core.package_discovery:discover_packages(ignore) discover
[0.644s] Level 1:colcon.colcon_core.package_discovery:discover_packages(ignore) using defaults
[0.644s] Level 1:colcon.colcon_core.package_discovery:discover_packages(path) discover
[0.644s] Level 1:colcon.colcon_core.package_discovery:discover_packages(path) using defaults
[0.697s] Level 1:colcon.colcon_core.package_discovery:discover_packages(prefix_path) check parameters
[0.697s] Level 1:colcon.colcon_core.package_discovery:discover_packages(prefix_path) discover
[0.704s] Level 1:colcon.colcon_core.package_discovery:discover_packages(prefix_path) using defaults
[0.716s] Level 5:colcon.colcon_core.verb:set package 'lab5' build argument 'cmake_args' from command line to 'None'
[0.716s] Level 5:colcon.colcon_core.verb:set package 'lab5' build argument 'cmake_target' from command line to 'None'
[0.716s] Level 5:colcon.colcon_core.verb:set package 'lab5' build argument 'cmake_target_skip_unavailable' from command line to 'False'
[0.716s] Level 5:colcon.colcon_core.verb:set package 'lab5' build argument 'cmake_clean_cache' from command line to 'False'
[0.716s] Level 5:colcon.colcon_core.verb:set package 'lab5' build argument 'cmake_clean_first' from command line to 'False'
[0.716s] Level 5:colcon.colcon_core.verb:set package 'lab5' build argument 'cmake_force_configure' from command line to 'False'
[0.716s] Level 5:colcon.colcon_core.verb:set package 'lab5' build argument 'ament_cmake_args' from command line to 'None'
[0.716s] Level 5:colcon.colcon_core.verb:set package 'lab5' build argument 'catkin_cmake_args' from command line to 'None'
[0.716s] Level 5:colcon.colcon_core.verb:set package 'lab5' build argument 'catkin_skip_building_tests' from command line to 'False'
[0.716s] DEBUG:colcon.colcon_core.verb:Building package 'lab5' with the following arguments: {'ament_cmake_args': None, 'build_base': '/uolstore/home/users/fy21jrz/ros2_ws/src/lab5/build/lab5', 'catkin_cmake_args': None, 'catkin_skip_building_tests': False, 'cmake_args': None, 'cmake_clean_cache': False, 'cmake_clean_first': False, 'cmake_force_configure': False, 'cmake_target': None, 'cmake_target_skip_unavailable': False, 'install_base': '/uolstore/home/users/fy21jrz/ros2_ws/src/lab5/install/lab5', 'merge_install': False, 'path': '/uolstore/home/users/fy21jrz/ros2_ws/src/lab5', 'symlink_install': False, 'test_result_base': None}
[0.722s] INFO:colcon.colcon_core.executor:Executing jobs using 'parallel' executor
[0.728s] DEBUG:colcon.colcon_parallel_executor.executor.parallel:run_until_complete
[0.728s] INFO:colcon.colcon_ros.task.ament_python.build:Building ROS package in '/uolstore/home/users/fy21jrz/ros2_ws/src/lab5' with build type 'ament_python'
[0.728s] Level 1:colcon.colcon_core.shell:create_environment_hook('lab5', 'ament_prefix_path')
[0.737s] INFO:colcon.colcon_core.plugin_system:Skipping extension 'colcon_core.shell.bat': Not used on non-Windows systems
[0.737s] INFO:colcon.colcon_core.shell:Creating environment hook '/uolstore/home/users/fy21jrz/ros2_ws/src/lab5/install/lab5/share/lab5/hook/ament_prefix_path.ps1'
[0.745s] INFO:colcon.colcon_core.shell:Creating environment descriptor '/uolstore/home/users/fy21jrz/ros2_ws/src/lab5/install/lab5/share/lab5/hook/ament_prefix_path.dsv'
[0.748s] INFO:colcon.colcon_core.shell:Creating environment hook '/uolstore/home/users/fy21jrz/ros2_ws/src/lab5/install/lab5/share/lab5/hook/ament_prefix_path.sh'
[0.757s] INFO:colcon.colcon_core.shell:Skip shell extension 'powershell' for command environment: Not usable outside of PowerShell
[0.757s] DEBUG:colcon.colcon_core.shell:Skip shell extension 'dsv' for command environment
[0.938s] INFO:colcon.colcon_core.task.python.build:Building Python package in '/uolstore/home/users/fy21jrz/ros2_ws/src/lab5'
[0.944s] INFO:colcon.colcon_core.shell:Skip shell extension 'powershell' for command environment: Not usable outside of PowerShell
[0.944s] DEBUG:colcon.colcon_core.shell:Skip shell extension 'dsv' for command environment
[1.293s] DEBUG:colcon.colcon_core.event_handler.log_command:Invoking command in '/uolstore/home/users/fy21jrz/ros2_ws/src/lab5': PS1=[COMP3631] Singularity> \w $ PYTHONPATH=/uolstore/home/users/fy21jrz/ros2_ws/src/lab5/build/lab5/prefix_override:/uolstore/home/users/fy21jrz/ros2_ws/src/lab5/install/lab5/lib/python3.10/site-packages: /usr/bin/python3 setup.py egg_info --egg-base build/lab5 build --build-base /uolstore/home/users/fy21jrz/ros2_ws/src/lab5/build/lab5/build install --record /uolstore/home/users/fy21jrz/ros2_ws/src/lab5/build/lab5/install.log --single-version-externally-managed
[1.698s] DEBUG:colcon.colcon_core.event_handler.log_command:Invoked command in '/uolstore/home/users/fy21jrz/ros2_ws/src/lab5' returned '0': PS1=[COMP3631] Singularity> \w $ PYTHONPATH=/uolstore/home/users/fy21jrz/ros2_ws/src/lab5/build/lab5/prefix_override:/uolstore/home/users/fy21jrz/ros2_ws/src/lab5/install/lab5/lib/python3.10/site-packages: /usr/bin/python3 setup.py egg_info --egg-base build/lab5 build --build-base /uolstore/home/users/fy21jrz/ros2_ws/src/lab5/build/lab5/build install --record /uolstore/home/users/fy21jrz/ros2_ws/src/lab5/build/lab5/install.log --single-version-externally-managed
[1.712s] Level 1:colcon.colcon_core.environment:checking '/uolstore/home/users/fy21jrz/ros2_ws/src/lab5/install/lab5' for CMake module files
[1.719s] Level 1:colcon.colcon_core.environment:checking '/uolstore/home/users/fy21jrz/ros2_ws/src/lab5/install/lab5' for CMake config files
[1.732s] Level 1:colcon.colcon_core.environment:checking '/uolstore/home/users/fy21jrz/ros2_ws/src/lab5/install/lab5/lib'
[1.733s] Level 1:colcon.colcon_core.environment:checking '/uolstore/home/users/fy21jrz/ros2_ws/src/lab5/install/lab5/bin'
[1.733s] Level 1:colcon.colcon_core.environment:checking '/uolstore/home/users/fy21jrz/ros2_ws/src/lab5/install/lab5/lib/pkgconfig/lab5.pc'
[1.734s] Level 1:colcon.colcon_core.environment:checking '/uolstore/home/users/fy21jrz/ros2_ws/src/lab5/install/lab5/lib/python3.10/site-packages'
[1.734s] Level 1:colcon.colcon_core.shell:create_environment_hook('lab5', 'pythonpath')
[1.740s] INFO:colcon.colcon_core.shell:Creating environment hook '/uolstore/home/users/fy21jrz/ros2_ws/src/lab5/install/lab5/share/lab5/hook/pythonpath.ps1'
[1.744s] INFO:colcon.colcon_core.shell:Creating environment descriptor '/uolstore/home/users/fy21jrz/ros2_ws/src/lab5/install/lab5/share/lab5/hook/pythonpath.dsv'
[1.747s] INFO:colcon.colcon_core.shell:Creating environment hook '/uolstore/home/users/fy21jrz/ros2_ws/src/lab5/install/lab5/share/lab5/hook/pythonpath.sh'
[1.750s] Level 1:colcon.colcon_core.environment:checking '/uolstore/home/users/fy21jrz/ros2_ws/src/lab5/install/lab5/bin'
[1.750s] Level 1:colcon.colcon_core.environment:create_environment_scripts_only(lab5)
[1.757s] INFO:colcon.colcon_core.shell:Creating package script '/uolstore/home/users/fy21jrz/ros2_ws/src/lab5/install/lab5/share/lab5/package.ps1'
[1.761s] INFO:colcon.colcon_core.shell:Creating package descriptor '/uolstore/home/users/fy21jrz/ros2_ws/src/lab5/install/lab5/share/lab5/package.dsv'
[1.764s] INFO:colcon.colcon_core.shell:Creating package script '/uolstore/home/users/fy21jrz/ros2_ws/src/lab5/install/lab5/share/lab5/package.sh'
[1.768s] INFO:colcon.colcon_core.shell:Creating package script '/uolstore/home/users/fy21jrz/ros2_ws/src/lab5/install/lab5/share/lab5/package.bash'
[1.771s] INFO:colcon.colcon_core.shell:Creating package script '/uolstore/home/users/fy21jrz/ros2_ws/src/lab5/install/lab5/share/lab5/package.zsh'
[1.775s] Level 1:colcon.colcon_core.environment:create_file_with_runtime_dependencies(/uolstore/home/users/fy21jrz/ros2_ws/src/lab5/install/lab5/share/colcon-core/packages/lab5)
[1.780s] DEBUG:colcon.colcon_parallel_executor.executor.parallel:closing loop
[1.780s] DEBUG:colcon.colcon_parallel_executor.executor.parallel:loop closed
[1.780s] DEBUG:colcon.colcon_parallel_executor.executor.parallel:run_until_complete finished with '0'
[1.780s] DEBUG:colcon.colcon_core.event_reactor:joining thread
[1.810s] INFO:colcon.colcon_core.plugin_system:Skipping extension 'colcon_notification.desktop_notification.notify_send': Could not find 'notify-send'
[1.811s] INFO:colcon.colcon_core.plugin_system:Skipping extension 'colcon_notification.desktop_notification.terminal_notifier': Not used on non-Darwin systems
[1.811s] INFO:colcon.colcon_core.plugin_system:Skipping extension 'colcon_notification.desktop_notification.win32': Not used on non-Windows systems
[1.811s] INFO:colcon.colcon_notification.desktop_notification:Sending desktop notification using 'notify2'
[1.818s] DEBUG:colcon.colcon_core.event_reactor:joined thread
[1.824s] INFO:colcon.colcon_core.shell:Creating prefix script '/uolstore/home/users/fy21jrz/ros2_ws/src/lab5/install/local_setup.ps1'
[1.828s] INFO:colcon.colcon_core.shell:Creating prefix util module '/uolstore/home/users/fy21jrz/ros2_ws/src/lab5/install/_local_setup_util_ps1.py'
[1.832s] INFO:colcon.colcon_core.shell:Creating prefix chain script '/uolstore/home/users/fy21jrz/ros2_ws/src/lab5/install/setup.ps1'
[1.841s] INFO:colcon.colcon_core.shell:Creating prefix script '/uolstore/home/users/fy21jrz/ros2_ws/src/lab5/install/local_setup.sh'
[1.844s] INFO:colcon.colcon_core.shell:Creating prefix util module '/uolstore/home/users/fy21jrz/ros2_ws/src/lab5/install/_local_setup_util_sh.py'
[1.848s] INFO:colcon.colcon_core.shell:Creating prefix chain script '/uolstore/home/users/fy21jrz/ros2_ws/src/lab5/install/setup.sh'
[1.857s] INFO:colcon.colcon_core.shell:Creating prefix script '/uolstore/home/users/fy21jrz/ros2_ws/src/lab5/install/local_setup.bash'
[1.860s] INFO:colcon.colcon_core.shell:Creating prefix chain script '/uolstore/home/users/fy21jrz/ros2_ws/src/lab5/install/setup.bash'
[1.869s] INFO:colcon.colcon_core.shell:Creating prefix script '/uolstore/home/users/fy21jrz/ros2_ws/src/lab5/install/local_setup.zsh'
[1.872s] INFO:colcon.colcon_core.shell:Creating prefix chain script '/uolstore/home/users/fy21jrz/ros2_ws/src/lab5/install/setup.zsh'
