[1.696s] Invoking command in '/uolstore/home/users/fy21jrz/ros2_ws/src/lab5': PS1=[COMP3631] Singularity> \w $ PYTHONPATH=/uolstore/home/users/fy21jrz/ros2_ws/src/lab5/build/lab5/prefix_override:/uolstore/home/users/fy21jrz/ros2_ws/src/lab5/install/lab5/lib/python3.10/site-packages:${PYTHONPATH} /usr/bin/python3 setup.py egg_info --egg-base build/lab5 build --build-base /uolstore/home/users/fy21jrz/ros2_ws/src/lab5/build/lab5/build install --record /uolstore/home/users/fy21jrz/ros2_ws/src/lab5/build/lab5/install.log --single-version-externally-managed
[2.172s] running egg_info
[2.173s] writing build/lab5/lab5.egg-info/PKG-INFO
[2.177s] writing dependency_links to build/lab5/lab5.egg-info/dependency_links.txt
[2.181s] writing entry points to build/lab5/lab5.egg-info/entry_points.txt
[2.184s] writing requirements to build/lab5/lab5.egg-info/requires.txt
[2.186s] writing top-level names to build/lab5/lab5.egg-info/top_level.txt
[2.193s] reading manifest file 'build/lab5/lab5.egg-info/SOURCES.txt'
[2.198s] writing manifest file 'build/lab5/lab5.egg-info/SOURCES.txt'
[2.200s] running build
[2.200s] running build_py
[2.204s] copying lab5/first_step.py -> /uolstore/home/users/fy21jrz/ros2_ws/src/lab5/build/lab5/build/lib/lab5
[2.208s] copying lab5/second_step.py -> /uolstore/home/users/fy21jrz/ros2_ws/src/lab5/build/lab5/build/lib/lab5
[2.211s] running install
[2.212s] running install_lib
[2.217s] copying /uolstore/home/users/fy21jrz/ros2_ws/src/lab5/build/lab5/build/lib/lab5/first_step.py -> /uolstore/home/users/fy21jrz/ros2_ws/src/lab5/install/lab5/lib/python3.10/site-packages/lab5
[2.221s] copying /uolstore/home/users/fy21jrz/ros2_ws/src/lab5/build/lab5/build/lib/lab5/second_step.py -> /uolstore/home/users/fy21jrz/ros2_ws/src/lab5/install/lab5/lib/python3.10/site-packages/lab5
[2.230s] byte-compiling /uolstore/home/users/fy21jrz/ros2_ws/src/lab5/install/lab5/lib/python3.10/site-packages/lab5/first_step.py to first_step.cpython-310.pyc
[2.237s] byte-compiling /uolstore/home/users/fy21jrz/ros2_ws/src/lab5/install/lab5/lib/python3.10/site-packages/lab5/second_step.py to second_step.cpython-310.pyc
[2.242s] running install_data
[2.248s] running install_egg_info
[2.253s] removing '/uolstore/home/users/fy21jrz/ros2_ws/src/lab5/install/lab5/lib/python3.10/site-packages/lab5-0.0.0-py3.10.egg-info' (and everything under it)
[2.261s] Copying build/lab5/lab5.egg-info to /uolstore/home/users/fy21jrz/ros2_ws/src/lab5/install/lab5/lib/python3.10/site-packages/lab5-0.0.0-py3.10.egg-info
[2.296s] running install_scripts
[2.326s] Installing first_step script to /uolstore/home/users/fy21jrz/ros2_ws/src/lab5/install/lab5/lib/lab5
[2.331s] Installing fourth_step script to /uolstore/home/users/fy21jrz/ros2_ws/src/lab5/install/lab5/lib/lab5
[2.334s] Installing second_step script to /uolstore/home/users/fy21jrz/ros2_ws/src/lab5/install/lab5/lib/lab5
[2.338s] Installing third_step script to /uolstore/home/users/fy21jrz/ros2_ws/src/lab5/install/lab5/lib/lab5
[2.342s] writing list of installed files to '/uolstore/home/users/fy21jrz/ros2_ws/src/lab5/build/lab5/install.log'
[2.378s] Invoked command in '/uolstore/home/users/fy21jrz/ros2_ws/src/lab5' returned '0': PS1=[COMP3631] Singularity> \w $ PYTHONPATH=/uolstore/home/users/fy21jrz/ros2_ws/src/lab5/build/lab5/prefix_override:/uolstore/home/users/fy21jrz/ros2_ws/src/lab5/install/lab5/lib/python3.10/site-packages:${PYTHONPATH} /usr/bin/python3 setup.py egg_info --egg-base build/lab5 build --build-base /uolstore/home/users/fy21jrz/ros2_ws/src/lab5/build/lab5/build install --record /uolstore/home/users/fy21jrz/ros2_ws/src/lab5/build/lab5/install.log --single-version-externally-managed
