running egg_info
creating build/ros2_project_fy21jrz/ros2_project_fy21jrz.egg-info
writing build/ros2_project_fy21jrz/ros2_project_fy21jrz.egg-info/PKG-INFO
writing dependency_links to build/ros2_project_fy21jrz/ros2_project_fy21jrz.egg-info/dependency_links.txt
writing entry points to build/ros2_project_fy21jrz/ros2_project_fy21jrz.egg-info/entry_points.txt
writing requirements to build/ros2_project_fy21jrz/ros2_project_fy21jrz.egg-info/requires.txt
writing top-level names to build/ros2_project_fy21jrz/ros2_project_fy21jrz.egg-info/top_level.txt
writing manifest file 'build/ros2_project_fy21jrz/ros2_project_fy21jrz.egg-info/SOURCES.txt'
reading manifest file 'build/ros2_project_fy21jrz/ros2_project_fy21jrz.egg-info/SOURCES.txt'
writing manifest file 'build/ros2_project_fy21jrz/ros2_project_fy21jrz.egg-info/SOURCES.txt'
running build
running build_py
creating /uolstore/home/users/fy21jrz/ros2_ws/src/ros2_project_fy21jrz/build/ros2_project_fy21jrz/build
creating /uolstore/home/users/fy21jrz/ros2_ws/src/ros2_project_fy21jrz/build/ros2_project_fy21jrz/build/lib
creating /uolstore/home/users/fy21jrz/ros2_ws/src/ros2_project_fy21jrz/build/ros2_project_fy21jrz/build/lib/ros2_project_fy21jrz
copying ros2_project_fy21jrz/my_project.py -> /uolstore/home/users/fy21jrz/ros2_ws/src/ros2_project_fy21jrz/build/ros2_project_fy21jrz/build/lib/ros2_project_fy21jrz
copying ros2_project_fy21jrz/second_step.py -> /uolstore/home/users/fy21jrz/ros2_ws/src/ros2_project_fy21jrz/build/ros2_project_fy21jrz/build/lib/ros2_project_fy21jrz
copying ros2_project_fy21jrz/fourth_step.py -> /uolstore/home/users/fy21jrz/ros2_ws/src/ros2_project_fy21jrz/build/ros2_project_fy21jrz/build/lib/ros2_project_fy21jrz
copying ros2_project_fy21jrz/third_step.py -> /uolstore/home/users/fy21jrz/ros2_ws/src/ros2_project_fy21jrz/build/ros2_project_fy21jrz/build/lib/ros2_project_fy21jrz
copying ros2_project_fy21jrz/Skeleton_Code_Third_Step.py -> /uolstore/home/users/fy21jrz/ros2_ws/src/ros2_project_fy21jrz/build/ros2_project_fy21jrz/build/lib/ros2_project_fy21jrz
copying ros2_project_fy21jrz/Skeleton_Code_First_Step.py -> /uolstore/home/users/fy21jrz/ros2_ws/src/ros2_project_fy21jrz/build/ros2_project_fy21jrz/build/lib/ros2_project_fy21jrz
copying ros2_project_fy21jrz/Skeleton_Code_Fourth_Step.py -> /uolstore/home/users/fy21jrz/ros2_ws/src/ros2_project_fy21jrz/build/ros2_project_fy21jrz/build/lib/ros2_project_fy21jrz
copying ros2_project_fy21jrz/Skeleton_Code_Second_Step.py -> /uolstore/home/users/fy21jrz/ros2_ws/src/ros2_project_fy21jrz/build/ros2_project_fy21jrz/build/lib/ros2_project_fy21jrz
copying ros2_project_fy21jrz/__init__.py -> /uolstore/home/users/fy21jrz/ros2_ws/src/ros2_project_fy21jrz/build/ros2_project_fy21jrz/build/lib/ros2_project_fy21jrz
copying ros2_project_fy21jrz/first_step.py -> /uolstore/home/users/fy21jrz/ros2_ws/src/ros2_project_fy21jrz/build/ros2_project_fy21jrz/build/lib/ros2_project_fy21jrz
running install
running install_lib
creating /uolstore/home/users/fy21jrz/ros2_ws/src/ros2_project_fy21jrz/install/ros2_project_fy21jrz/lib/python3.10/site-packages/ros2_project_fy21jrz
copying /uolstore/home/users/fy21jrz/ros2_ws/src/ros2_project_fy21jrz/build/ros2_project_fy21jrz/build/lib/ros2_project_fy21jrz/my_project.py -> /uolstore/home/users/fy21jrz/ros2_ws/src/ros2_project_fy21jrz/install/ros2_project_fy21jrz/lib/python3.10/site-packages/ros2_project_fy21jrz
copying /uolstore/home/users/fy21jrz/ros2_ws/src/ros2_project_fy21jrz/build/ros2_project_fy21jrz/build/lib/ros2_project_fy21jrz/second_step.py -> /uolstore/home/users/fy21jrz/ros2_ws/src/ros2_project_fy21jrz/install/ros2_project_fy21jrz/lib/python3.10/site-packages/ros2_project_fy21jrz
copying /uolstore/home/users/fy21jrz/ros2_ws/src/ros2_project_fy21jrz/build/ros2_project_fy21jrz/build/lib/ros2_project_fy21jrz/fourth_step.py -> /uolstore/home/users/fy21jrz/ros2_ws/src/ros2_project_fy21jrz/install/ros2_project_fy21jrz/lib/python3.10/site-packages/ros2_project_fy21jrz
copying /uolstore/home/users/fy21jrz/ros2_ws/src/ros2_project_fy21jrz/build/ros2_project_fy21jrz/build/lib/ros2_project_fy21jrz/third_step.py -> /uolstore/home/users/fy21jrz/ros2_ws/src/ros2_project_fy21jrz/install/ros2_project_fy21jrz/lib/python3.10/site-packages/ros2_project_fy21jrz
copying /uolstore/home/users/fy21jrz/ros2_ws/src/ros2_project_fy21jrz/build/ros2_project_fy21jrz/build/lib/ros2_project_fy21jrz/Skeleton_Code_Third_Step.py -> /uolstore/home/users/fy21jrz/ros2_ws/src/ros2_project_fy21jrz/install/ros2_project_fy21jrz/lib/python3.10/site-packages/ros2_project_fy21jrz
copying /uolstore/home/users/fy21jrz/ros2_ws/src/ros2_project_fy21jrz/build/ros2_project_fy21jrz/build/lib/ros2_project_fy21jrz/Skeleton_Code_First_Step.py -> /uolstore/home/users/fy21jrz/ros2_ws/src/ros2_project_fy21jrz/install/ros2_project_fy21jrz/lib/python3.10/site-packages/ros2_project_fy21jrz
copying /uolstore/home/users/fy21jrz/ros2_ws/src/ros2_project_fy21jrz/build/ros2_project_fy21jrz/build/lib/ros2_project_fy21jrz/Skeleton_Code_Fourth_Step.py -> /uolstore/home/users/fy21jrz/ros2_ws/src/ros2_project_fy21jrz/install/ros2_project_fy21jrz/lib/python3.10/site-packages/ros2_project_fy21jrz
copying /uolstore/home/users/fy21jrz/ros2_ws/src/ros2_project_fy21jrz/build/ros2_project_fy21jrz/build/lib/ros2_project_fy21jrz/Skeleton_Code_Second_Step.py -> /uolstore/home/users/fy21jrz/ros2_ws/src/ros2_project_fy21jrz/install/ros2_project_fy21jrz/lib/python3.10/site-packages/ros2_project_fy21jrz
copying /uolstore/home/users/fy21jrz/ros2_ws/src/ros2_project_fy21jrz/build/ros2_project_fy21jrz/build/lib/ros2_project_fy21jrz/__init__.py -> /uolstore/home/users/fy21jrz/ros2_ws/src/ros2_project_fy21jrz/install/ros2_project_fy21jrz/lib/python3.10/site-packages/ros2_project_fy21jrz
copying /uolstore/home/users/fy21jrz/ros2_ws/src/ros2_project_fy21jrz/build/ros2_project_fy21jrz/build/lib/ros2_project_fy21jrz/first_step.py -> /uolstore/home/users/fy21jrz/ros2_ws/src/ros2_project_fy21jrz/install/ros2_project_fy21jrz/lib/python3.10/site-packages/ros2_project_fy21jrz
byte-compiling /uolstore/home/users/fy21jrz/ros2_ws/src/ros2_project_fy21jrz/install/ros2_project_fy21jrz/lib/python3.10/site-packages/ros2_project_fy21jrz/my_project.py to my_project.cpython-310.pyc
byte-compiling /uolstore/home/users/fy21jrz/ros2_ws/src/ros2_project_fy21jrz/install/ros2_project_fy21jrz/lib/python3.10/site-packages/ros2_project_fy21jrz/second_step.py to second_step.cpython-310.pyc
byte-compiling /uolstore/home/users/fy21jrz/ros2_ws/src/ros2_project_fy21jrz/install/ros2_project_fy21jrz/lib/python3.10/site-packages/ros2_project_fy21jrz/fourth_step.py to fourth_step.cpython-310.pyc
byte-compiling /uolstore/home/users/fy21jrz/ros2_ws/src/ros2_project_fy21jrz/install/ros2_project_fy21jrz/lib/python3.10/site-packages/ros2_project_fy21jrz/third_step.py to third_step.cpython-310.pyc
byte-compiling /uolstore/home/users/fy21jrz/ros2_ws/src/ros2_project_fy21jrz/install/ros2_project_fy21jrz/lib/python3.10/site-packages/ros2_project_fy21jrz/Skeleton_Code_Third_Step.py to Skeleton_Code_Third_Step.cpython-310.pyc
byte-compiling /uolstore/home/users/fy21jrz/ros2_ws/src/ros2_project_fy21jrz/install/ros2_project_fy21jrz/lib/python3.10/site-packages/ros2_project_fy21jrz/Skeleton_Code_First_Step.py to Skeleton_Code_First_Step.cpython-310.pyc
byte-compiling /uolstore/home/users/fy21jrz/ros2_ws/src/ros2_project_fy21jrz/install/ros2_project_fy21jrz/lib/python3.10/site-packages/ros2_project_fy21jrz/Skeleton_Code_Fourth_Step.py to Skeleton_Code_Fourth_Step.cpython-310.pyc
byte-compiling /uolstore/home/users/fy21jrz/ros2_ws/src/ros2_project_fy21jrz/install/ros2_project_fy21jrz/lib/python3.10/site-packages/ros2_project_fy21jrz/Skeleton_Code_Second_Step.py to Skeleton_Code_Second_Step.cpython-310.pyc
byte-compiling /uolstore/home/users/fy21jrz/ros2_ws/src/ros2_project_fy21jrz/install/ros2_project_fy21jrz/lib/python3.10/site-packages/ros2_project_fy21jrz/__init__.py to __init__.cpython-310.pyc
byte-compiling /uolstore/home/users/fy21jrz/ros2_ws/src/ros2_project_fy21jrz/install/ros2_project_fy21jrz/lib/python3.10/site-packages/ros2_project_fy21jrz/first_step.py to first_step.cpython-310.pyc
running install_data
creating /uolstore/home/users/fy21jrz/ros2_ws/src/ros2_project_fy21jrz/install/ros2_project_fy21jrz/share/ament_index
creating /uolstore/home/users/fy21jrz/ros2_ws/src/ros2_project_fy21jrz/install/ros2_project_fy21jrz/share/ament_index/resource_index
creating /uolstore/home/users/fy21jrz/ros2_ws/src/ros2_project_fy21jrz/install/ros2_project_fy21jrz/share/ament_index/resource_index/packages
copying resource/ros2_project_fy21jrz -> /uolstore/home/users/fy21jrz/ros2_ws/src/ros2_project_fy21jrz/install/ros2_project_fy21jrz/share/ament_index/resource_index/packages
copying package.xml -> /uolstore/home/users/fy21jrz/ros2_ws/src/ros2_project_fy21jrz/install/ros2_project_fy21jrz/share/ros2_project_fy21jrz
running install_egg_info
Copying build/ros2_project_fy21jrz/ros2_project_fy21jrz.egg-info to /uolstore/home/users/fy21jrz/ros2_ws/src/ros2_project_fy21jrz/install/ros2_project_fy21jrz/lib/python3.10/site-packages/ros2_project_fy21jrz-0.0.0-py3.10.egg-info
running install_scripts
Installing first_step script to /uolstore/home/users/fy21jrz/ros2_ws/src/ros2_project_fy21jrz/install/ros2_project_fy21jrz/lib/ros2_project_fy21jrz
Installing fourth_step script to /uolstore/home/users/fy21jrz/ros2_ws/src/ros2_project_fy21jrz/install/ros2_project_fy21jrz/lib/ros2_project_fy21jrz
Installing my_project script to /uolstore/home/users/fy21jrz/ros2_ws/src/ros2_project_fy21jrz/install/ros2_project_fy21jrz/lib/ros2_project_fy21jrz
Installing second_step script to /uolstore/home/users/fy21jrz/ros2_ws/src/ros2_project_fy21jrz/install/ros2_project_fy21jrz/lib/ros2_project_fy21jrz
Installing third_step script to /uolstore/home/users/fy21jrz/ros2_ws/src/ros2_project_fy21jrz/install/ros2_project_fy21jrz/lib/ros2_project_fy21jrz
writing list of installed files to '/uolstore/home/users/fy21jrz/ros2_ws/src/ros2_project_fy21jrz/build/ros2_project_fy21jrz/install.log'
