[0.542s] Invoking command in '/uolstore/home/users/fy21jrz/ros2_ws/src/ros2_project_fy21jrz': PS1=[COMP3631] Singularity> \w $ PYTHONPATH=/uolstore/home/users/fy21jrz/ros2_ws/src/ros2_project_fy21jrz/build/ros2_project_fy21jrz/prefix_override:/uolstore/home/users/fy21jrz/ros2_ws/src/ros2_project_fy21jrz/install/ros2_project_fy21jrz/lib/python3.10/site-packages: /usr/bin/python3 setup.py egg_info --egg-base build/ros2_project_fy21jrz build --build-base /uolstore/home/users/fy21jrz/ros2_ws/src/ros2_project_fy21jrz/build/ros2_project_fy21jrz/build install --record /uolstore/home/users/fy21jrz/ros2_ws/src/ros2_project_fy21jrz/build/ros2_project_fy21jrz/install.log --single-version-externally-managed
[0.681s] running egg_info
[0.681s] creating build/ros2_project_fy21jrz/ros2_project_fy21jrz.egg-info
[0.683s] writing build/ros2_project_fy21jrz/ros2_project_fy21jrz.egg-info/PKG-INFO
[0.687s] writing dependency_links to build/ros2_project_fy21jrz/ros2_project_fy21jrz.egg-info/dependency_links.txt
[0.690s] writing entry points to build/ros2_project_fy21jrz/ros2_project_fy21jrz.egg-info/entry_points.txt
[0.692s] writing requirements to build/ros2_project_fy21jrz/ros2_project_fy21jrz.egg-info/requires.txt
[0.693s] writing top-level names to build/ros2_project_fy21jrz/ros2_project_fy21jrz.egg-info/top_level.txt
[0.696s] writing manifest file 'build/ros2_project_fy21jrz/ros2_project_fy21jrz.egg-info/SOURCES.txt'
[0.706s] reading manifest file 'build/ros2_project_fy21jrz/ros2_project_fy21jrz.egg-info/SOURCES.txt'
[0.709s] writing manifest file 'build/ros2_project_fy21jrz/ros2_project_fy21jrz.egg-info/SOURCES.txt'
[0.710s] running build
[0.710s] running build_py
[0.711s] creating /uolstore/home/users/fy21jrz/ros2_ws/src/ros2_project_fy21jrz/build/ros2_project_fy21jrz/build
[0.712s] creating /uolstore/home/users/fy21jrz/ros2_ws/src/ros2_project_fy21jrz/build/ros2_project_fy21jrz/build/lib
[0.713s] creating /uolstore/home/users/fy21jrz/ros2_ws/src/ros2_project_fy21jrz/build/ros2_project_fy21jrz/build/lib/ros2_project_fy21jrz
[0.714s] copying ros2_project_fy21jrz/my_project.py -> /uolstore/home/users/fy21jrz/ros2_ws/src/ros2_project_fy21jrz/build/ros2_project_fy21jrz/build/lib/ros2_project_fy21jrz
[0.719s] copying ros2_project_fy21jrz/second_step.py -> /uolstore/home/users/fy21jrz/ros2_ws/src/ros2_project_fy21jrz/build/ros2_project_fy21jrz/build/lib/ros2_project_fy21jrz
[0.723s] copying ros2_project_fy21jrz/fourth_step.py -> /uolstore/home/users/fy21jrz/ros2_ws/src/ros2_project_fy21jrz/build/ros2_project_fy21jrz/build/lib/ros2_project_fy21jrz
[0.726s] copying ros2_project_fy21jrz/third_step.py -> /uolstore/home/users/fy21jrz/ros2_ws/src/ros2_project_fy21jrz/build/ros2_project_fy21jrz/build/lib/ros2_project_fy21jrz
[0.730s] copying ros2_project_fy21jrz/Skeleton_Code_Third_Step.py -> /uolstore/home/users/fy21jrz/ros2_ws/src/ros2_project_fy21jrz/build/ros2_project_fy21jrz/build/lib/ros2_project_fy21jrz
[0.733s] copying ros2_project_fy21jrz/Skeleton_Code_First_Step.py -> /uolstore/home/users/fy21jrz/ros2_ws/src/ros2_project_fy21jrz/build/ros2_project_fy21jrz/build/lib/ros2_project_fy21jrz
[0.737s] copying ros2_project_fy21jrz/Skeleton_Code_Fourth_Step.py -> /uolstore/home/users/fy21jrz/ros2_ws/src/ros2_project_fy21jrz/build/ros2_project_fy21jrz/build/lib/ros2_project_fy21jrz
[0.741s] copying ros2_project_fy21jrz/Skeleton_Code_Second_Step.py -> /uolstore/home/users/fy21jrz/ros2_ws/src/ros2_project_fy21jrz/build/ros2_project_fy21jrz/build/lib/ros2_project_fy21jrz
[0.745s] copying ros2_project_fy21jrz/__init__.py -> /uolstore/home/users/fy21jrz/ros2_ws/src/ros2_project_fy21jrz/build/ros2_project_fy21jrz/build/lib/ros2_project_fy21jrz
[0.748s] copying ros2_project_fy21jrz/first_step.py -> /uolstore/home/users/fy21jrz/ros2_ws/src/ros2_project_fy21jrz/build/ros2_project_fy21jrz/build/lib/ros2_project_fy21jrz
[0.751s] running install
[0.751s] running install_lib
[0.754s] creating /uolstore/home/users/fy21jrz/ros2_ws/src/ros2_project_fy21jrz/install/ros2_project_fy21jrz/lib/python3.10/site-packages/ros2_project_fy21jrz
[0.755s] copying /uolstore/home/users/fy21jrz/ros2_ws/src/ros2_project_fy21jrz/build/ros2_project_fy21jrz/build/lib/ros2_project_fy21jrz/my_project.py -> /uolstore/home/users/fy21jrz/ros2_ws/src/ros2_project_fy21jrz/install/ros2_project_fy21jrz/lib/python3.10/site-packages/ros2_project_fy21jrz
[0.761s] copying /uolstore/home/users/fy21jrz/ros2_ws/src/ros2_project_fy21jrz/build/ros2_project_fy21jrz/build/lib/ros2_project_fy21jrz/second_step.py -> /uolstore/home/users/fy21jrz/ros2_ws/src/ros2_project_fy21jrz/install/ros2_project_fy21jrz/lib/python3.10/site-packages/ros2_project_fy21jrz
[0.765s] copying /uolstore/home/users/fy21jrz/ros2_ws/src/ros2_project_fy21jrz/build/ros2_project_fy21jrz/build/lib/ros2_project_fy21jrz/fourth_step.py -> /uolstore/home/users/fy21jrz/ros2_ws/src/ros2_project_fy21jrz/install/ros2_project_fy21jrz/lib/python3.10/site-packages/ros2_project_fy21jrz
[0.770s] copying /uolstore/home/users/fy21jrz/ros2_ws/src/ros2_project_fy21jrz/build/ros2_project_fy21jrz/build/lib/ros2_project_fy21jrz/third_step.py -> /uolstore/home/users/fy21jrz/ros2_ws/src/ros2_project_fy21jrz/install/ros2_project_fy21jrz/lib/python3.10/site-packages/ros2_project_fy21jrz
[0.775s] copying /uolstore/home/users/fy21jrz/ros2_ws/src/ros2_project_fy21jrz/build/ros2_project_fy21jrz/build/lib/ros2_project_fy21jrz/Skeleton_Code_Third_Step.py -> /uolstore/home/users/fy21jrz/ros2_ws/src/ros2_project_fy21jrz/install/ros2_project_fy21jrz/lib/python3.10/site-packages/ros2_project_fy21jrz
[0.779s] copying /uolstore/home/users/fy21jrz/ros2_ws/src/ros2_project_fy21jrz/build/ros2_project_fy21jrz/build/lib/ros2_project_fy21jrz/Skeleton_Code_First_Step.py -> /uolstore/home/users/fy21jrz/ros2_ws/src/ros2_project_fy21jrz/install/ros2_project_fy21jrz/lib/python3.10/site-packages/ros2_project_fy21jrz
[0.784s] copying /uolstore/home/users/fy21jrz/ros2_ws/src/ros2_project_fy21jrz/build/ros2_project_fy21jrz/build/lib/ros2_project_fy21jrz/Skeleton_Code_Fourth_Step.py -> /uolstore/home/users/fy21jrz/ros2_ws/src/ros2_project_fy21jrz/install/ros2_project_fy21jrz/lib/python3.10/site-packages/ros2_project_fy21jrz
[0.788s] copying /uolstore/home/users/fy21jrz/ros2_ws/src/ros2_project_fy21jrz/build/ros2_project_fy21jrz/build/lib/ros2_project_fy21jrz/Skeleton_Code_Second_Step.py -> /uolstore/home/users/fy21jrz/ros2_ws/src/ros2_project_fy21jrz/install/ros2_project_fy21jrz/lib/python3.10/site-packages/ros2_project_fy21jrz
[0.793s] copying /uolstore/home/users/fy21jrz/ros2_ws/src/ros2_project_fy21jrz/build/ros2_project_fy21jrz/build/lib/ros2_project_fy21jrz/__init__.py -> /uolstore/home/users/fy21jrz/ros2_ws/src/ros2_project_fy21jrz/install/ros2_project_fy21jrz/lib/python3.10/site-packages/ros2_project_fy21jrz
[0.796s] copying /uolstore/home/users/fy21jrz/ros2_ws/src/ros2_project_fy21jrz/build/ros2_project_fy21jrz/build/lib/ros2_project_fy21jrz/first_step.py -> /uolstore/home/users/fy21jrz/ros2_ws/src/ros2_project_fy21jrz/install/ros2_project_fy21jrz/lib/python3.10/site-packages/ros2_project_fy21jrz
[0.802s] byte-compiling /uolstore/home/users/fy21jrz/ros2_ws/src/ros2_project_fy21jrz/install/ros2_project_fy21jrz/lib/python3.10/site-packages/ros2_project_fy21jrz/my_project.py to my_project.cpython-310.pyc
[0.809s] byte-compiling /uolstore/home/users/fy21jrz/ros2_ws/src/ros2_project_fy21jrz/install/ros2_project_fy21jrz/lib/python3.10/site-packages/ros2_project_fy21jrz/second_step.py to second_step.cpython-310.pyc
[0.815s] byte-compiling /uolstore/home/users/fy21jrz/ros2_ws/src/ros2_project_fy21jrz/install/ros2_project_fy21jrz/lib/python3.10/site-packages/ros2_project_fy21jrz/fourth_step.py to fourth_step.cpython-310.pyc
[0.820s] byte-compiling /uolstore/home/users/fy21jrz/ros2_ws/src/ros2_project_fy21jrz/install/ros2_project_fy21jrz/lib/python3.10/site-packages/ros2_project_fy21jrz/third_step.py to third_step.cpython-310.pyc
[0.826s] byte-compiling /uolstore/home/users/fy21jrz/ros2_ws/src/ros2_project_fy21jrz/install/ros2_project_fy21jrz/lib/python3.10/site-packages/ros2_project_fy21jrz/Skeleton_Code_Third_Step.py to Skeleton_Code_Third_Step.cpython-310.pyc
[0.831s] byte-compiling /uolstore/home/users/fy21jrz/ros2_ws/src/ros2_project_fy21jrz/install/ros2_project_fy21jrz/lib/python3.10/site-packages/ros2_project_fy21jrz/Skeleton_Code_First_Step.py to Skeleton_Code_First_Step.cpython-310.pyc
[0.835s] byte-compiling /uolstore/home/users/fy21jrz/ros2_ws/src/ros2_project_fy21jrz/install/ros2_project_fy21jrz/lib/python3.10/site-packages/ros2_project_fy21jrz/Skeleton_Code_Fourth_Step.py to Skeleton_Code_Fourth_Step.cpython-310.pyc
[0.840s] byte-compiling /uolstore/home/users/fy21jrz/ros2_ws/src/ros2_project_fy21jrz/install/ros2_project_fy21jrz/lib/python3.10/site-packages/ros2_project_fy21jrz/Skeleton_Code_Second_Step.py to Skeleton_Code_Second_Step.cpython-310.pyc
[0.845s] byte-compiling /uolstore/home/users/fy21jrz/ros2_ws/src/ros2_project_fy21jrz/install/ros2_project_fy21jrz/lib/python3.10/site-packages/ros2_project_fy21jrz/__init__.py to __init__.cpython-310.pyc
[0.849s] byte-compiling /uolstore/home/users/fy21jrz/ros2_ws/src/ros2_project_fy21jrz/install/ros2_project_fy21jrz/lib/python3.10/site-packages/ros2_project_fy21jrz/first_step.py to first_step.cpython-310.pyc
[0.854s] running install_data
[0.855s] creating /uolstore/home/users/fy21jrz/ros2_ws/src/ros2_project_fy21jrz/install/ros2_project_fy21jrz/share/ament_index
[0.856s] creating /uolstore/home/users/fy21jrz/ros2_ws/src/ros2_project_fy21jrz/install/ros2_project_fy21jrz/share/ament_index/resource_index
[0.856s] creating /uolstore/home/users/fy21jrz/ros2_ws/src/ros2_project_fy21jrz/install/ros2_project_fy21jrz/share/ament_index/resource_index/packages
[0.858s] copying resource/ros2_project_fy21jrz -> /uolstore/home/users/fy21jrz/ros2_ws/src/ros2_project_fy21jrz/install/ros2_project_fy21jrz/share/ament_index/resource_index/packages
[0.862s] copying package.xml -> /uolstore/home/users/fy21jrz/ros2_ws/src/ros2_project_fy21jrz/install/ros2_project_fy21jrz/share/ros2_project_fy21jrz
[0.866s] running install_egg_info
[0.868s] Copying build/ros2_project_fy21jrz/ros2_project_fy21jrz.egg-info to /uolstore/home/users/fy21jrz/ros2_ws/src/ros2_project_fy21jrz/install/ros2_project_fy21jrz/lib/python3.10/site-packages/ros2_project_fy21jrz-0.0.0-py3.10.egg-info
[0.914s] running install_scripts
[0.929s] Installing first_step script to /uolstore/home/users/fy21jrz/ros2_ws/src/ros2_project_fy21jrz/install/ros2_project_fy21jrz/lib/ros2_project_fy21jrz
[0.932s] Installing fourth_step script to /uolstore/home/users/fy21jrz/ros2_ws/src/ros2_project_fy21jrz/install/ros2_project_fy21jrz/lib/ros2_project_fy21jrz
[0.935s] Installing my_project script to /uolstore/home/users/fy21jrz/ros2_ws/src/ros2_project_fy21jrz/install/ros2_project_fy21jrz/lib/ros2_project_fy21jrz
[0.938s] Installing second_step script to /uolstore/home/users/fy21jrz/ros2_ws/src/ros2_project_fy21jrz/install/ros2_project_fy21jrz/lib/ros2_project_fy21jrz
[0.940s] Installing third_step script to /uolstore/home/users/fy21jrz/ros2_ws/src/ros2_project_fy21jrz/install/ros2_project_fy21jrz/lib/ros2_project_fy21jrz
[0.944s] writing list of installed files to '/uolstore/home/users/fy21jrz/ros2_ws/src/ros2_project_fy21jrz/build/ros2_project_fy21jrz/install.log'
[0.960s] Invoked command in '/uolstore/home/users/fy21jrz/ros2_ws/src/ros2_project_fy21jrz' returned '0': PS1=[COMP3631] Singularity> \w $ PYTHONPATH=/uolstore/home/users/fy21jrz/ros2_ws/src/ros2_project_fy21jrz/build/ros2_project_fy21jrz/prefix_override:/uolstore/home/users/fy21jrz/ros2_ws/src/ros2_project_fy21jrz/install/ros2_project_fy21jrz/lib/python3.10/site-packages: /usr/bin/python3 setup.py egg_info --egg-base build/ros2_project_fy21jrz build --build-base /uolstore/home/users/fy21jrz/ros2_ws/src/ros2_project_fy21jrz/build/ros2_project_fy21jrz/build install --record /uolstore/home/users/fy21jrz/ros2_ws/src/ros2_project_fy21jrz/build/ros2_project_fy21jrz/install.log --single-version-externally-managed
