/uolstore/home/users/fy21jrz/ros2_ws/src/ros2_project_fy21jrz/install/ros2_project_fy21jrz/lib/python3.10/site-packages/ros2_project_fy21jrz/my_project.py
/uolstore/home/users/fy21jrz/ros2_ws/src/ros2_project_fy21jrz/install/ros2_project_fy21jrz/lib/python3.10/site-packages/ros2_project_fy21jrz/second_step.py
/uolstore/home/users/fy21jrz/ros2_ws/src/ros2_project_fy21jrz/install/ros2_project_fy21jrz/lib/python3.10/site-packages/ros2_project_fy21jrz/fourth_step.py
/uolstore/home/users/fy21jrz/ros2_ws/src/ros2_project_fy21jrz/install/ros2_project_fy21jrz/lib/python3.10/site-packages/ros2_project_fy21jrz/third_step.py
/uolstore/home/users/fy21jrz/ros2_ws/src/ros2_project_fy21jrz/install/ros2_project_fy21jrz/lib/python3.10/site-packages/ros2_project_fy21jrz/Skeleton_Code_Third_Step.py
/uolstore/home/users/fy21jrz/ros2_ws/src/ros2_project_fy21jrz/install/ros2_project_fy21jrz/lib/python3.10/site-packages/ros2_project_fy21jrz/Skeleton_Code_First_Step.py
/uolstore/home/users/fy21jrz/ros2_ws/src/ros2_project_fy21jrz/install/ros2_project_fy21jrz/lib/python3.10/site-packages/ros2_project_fy21jrz/Skeleton_Code_Fourth_Step.py
/uolstore/home/users/fy21jrz/ros2_ws/src/ros2_project_fy21jrz/install/ros2_project_fy21jrz/lib/python3.10/site-packages/ros2_project_fy21jrz/Skeleton_Code_Second_Step.py
/uolstore/home/users/fy21jrz/ros2_ws/src/ros2_project_fy21jrz/install/ros2_project_fy21jrz/lib/python3.10/site-packages/ros2_project_fy21jrz/__init__.py
/uolstore/home/users/fy21jrz/ros2_ws/src/ros2_project_fy21jrz/install/ros2_project_fy21jrz/lib/python3.10/site-packages/ros2_project_fy21jrz/first_step.py
/uolstore/home/users/fy21jrz/ros2_ws/src/ros2_project_fy21jrz/install/ros2_project_fy21jrz/lib/python3.10/site-packages/ros2_project_fy21jrz/__pycache__/my_project.cpython-310.pyc
/uolstore/home/users/fy21jrz/ros2_ws/src/ros2_project_fy21jrz/install/ros2_project_fy21jrz/lib/python3.10/site-packages/ros2_project_fy21jrz/__pycache__/second_step.cpython-310.pyc
/uolstore/home/users/fy21jrz/ros2_ws/src/ros2_project_fy21jrz/install/ros2_project_fy21jrz/lib/python3.10/site-packages/ros2_project_fy21jrz/__pycache__/fourth_step.cpython-310.pyc
/uolstore/home/users/fy21jrz/ros2_ws/src/ros2_project_fy21jrz/install/ros2_project_fy21jrz/lib/python3.10/site-packages/ros2_project_fy21jrz/__pycache__/third_step.cpython-310.pyc
/uolstore/home/users/fy21jrz/ros2_ws/src/ros2_project_fy21jrz/install/ros2_project_fy21jrz/lib/python3.10/site-packages/ros2_project_fy21jrz/__pycache__/Skeleton_Code_Third_Step.cpython-310.pyc
/uolstore/home/users/fy21jrz/ros2_ws/src/ros2_project_fy21jrz/install/ros2_project_fy21jrz/lib/python3.10/site-packages/ros2_project_fy21jrz/__pycache__/Skeleton_Code_First_Step.cpython-310.pyc
/uolstore/home/users/fy21jrz/ros2_ws/src/ros2_project_fy21jrz/install/ros2_project_fy21jrz/lib/python3.10/site-packages/ros2_project_fy21jrz/__pycache__/Skeleton_Code_Fourth_Step.cpython-310.pyc
/uolstore/home/users/fy21jrz/ros2_ws/src/ros2_project_fy21jrz/install/ros2_project_fy21jrz/lib/python3.10/site-packages/ros2_project_fy21jrz/__pycache__/Skeleton_Code_Second_Step.cpython-310.pyc
/uolstore/home/users/fy21jrz/ros2_ws/src/ros2_project_fy21jrz/install/ros2_project_fy21jrz/lib/python3.10/site-packages/ros2_project_fy21jrz/__pycache__/__init__.cpython-310.pyc
/uolstore/home/users/fy21jrz/ros2_ws/src/ros2_project_fy21jrz/install/ros2_project_fy21jrz/lib/python3.10/site-packages/ros2_project_fy21jrz/__pycache__/first_step.cpython-310.pyc
/uolstore/home/users/fy21jrz/ros2_ws/src/ros2_project_fy21jrz/install/ros2_project_fy21jrz/share/ament_index/resource_index/packages/ros2_project_fy21jrz
/uolstore/home/users/fy21jrz/ros2_ws/src/ros2_project_fy21jrz/install/ros2_project_fy21jrz/share/ros2_project_fy21jrz/package.xml
/uolstore/home/users/fy21jrz/ros2_ws/src/ros2_project_fy21jrz/install/ros2_project_fy21jrz/lib/python3.10/site-packages/ros2_project_fy21jrz-0.0.0-py3.10.egg-info/PKG-INFO
/uolstore/home/users/fy21jrz/ros2_ws/src/ros2_project_fy21jrz/install/ros2_project_fy21jrz/lib/python3.10/site-packages/ros2_project_fy21jrz-0.0.0-py3.10.egg-info/zip-safe
/uolstore/home/users/fy21jrz/ros2_ws/src/ros2_project_fy21jrz/install/ros2_project_fy21jrz/lib/python3.10/site-packages/ros2_project_fy21jrz-0.0.0-py3.10.egg-info/dependency_links.txt
/uolstore/home/users/fy21jrz/ros2_ws/src/ros2_project_fy21jrz/install/ros2_project_fy21jrz/lib/python3.10/site-packages/ros2_project_fy21jrz-0.0.0-py3.10.egg-info/entry_points.txt
/uolstore/home/users/fy21jrz/ros2_ws/src/ros2_project_fy21jrz/install/ros2_project_fy21jrz/lib/python3.10/site-packages/ros2_project_fy21jrz-0.0.0-py3.10.egg-info/requires.txt
/uolstore/home/users/fy21jrz/ros2_ws/src/ros2_project_fy21jrz/install/ros2_project_fy21jrz/lib/python3.10/site-packages/ros2_project_fy21jrz-0.0.0-py3.10.egg-info/top_level.txt
/uolstore/home/users/fy21jrz/ros2_ws/src/ros2_project_fy21jrz/install/ros2_project_fy21jrz/lib/python3.10/site-packages/ros2_project_fy21jrz-0.0.0-py3.10.egg-info/SOURCES.txt
/uolstore/home/users/fy21jrz/ros2_ws/src/ros2_project_fy21jrz/install/ros2_project_fy21jrz/lib/ros2_project_fy21jrz/first_step
/uolstore/home/users/fy21jrz/ros2_ws/src/ros2_project_fy21jrz/install/ros2_project_fy21jrz/lib/ros2_project_fy21jrz/fourth_step
/uolstore/home/users/fy21jrz/ros2_ws/src/ros2_project_fy21jrz/install/ros2_project_fy21jrz/lib/ros2_project_fy21jrz/my_project
/uolstore/home/users/fy21jrz/ros2_ws/src/ros2_project_fy21jrz/install/ros2_project_fy21jrz/lib/ros2_project_fy21jrz/second_step
/uolstore/home/users/fy21jrz/ros2_ws/src/ros2_project_fy21jrz/install/ros2_project_fy21jrz/lib/ros2_project_fy21jrz/third_step
