[0.526s] DEBUG:colcon:Command line arguments: ['/usr/bin/colcon', 'build']
[0.526s] DEBUG:colcon:Parsed command line arguments: Namespace(log_base=None, log_level=None, verb_name='build', build_base='build', install_base='install', merge_install=False, symlink_install=False, test_result_base=None, continue_on_error=False, executor='parallel', parallel_workers=20, event_handlers=None, ignore_user_meta=False, metas=['./colcon.meta'], base_paths=['.'], packages_ignore=None, packages_ignore_regex=None, paths=None, packages_up_to=None, packages_up_to_regex=None, packages_above=None, packages_above_and_dependencies=None, packages_above_depth=None, packages_select_by_dep=None, packages_skip_by_dep=None, packages_skip_up_to=None, packages_select_build_failed=False, packages_skip_build_finished=False, packages_select_test_failures=False, packages_skip_test_passed=False, packages_select=None, packages_skip=None, packages_select_regex=None, packages_skip_regex=None, packages_start=None, packages_end=None, allow_overriding=[], cmake_args=None, cmake_target=None, cmake_target_skip_unavailable=False, cmake_clean_cache=False, cmake_clean_first=False, cmake_force_configure=False, ament_cmake_args=None, catkin_cmake_args=None, catkin_skip_building_tests=False, verb_parser=<colcon_defaults.argument_parser.defaults.DefaultArgumentsDecorator object at 0x7f966fad9de0>, verb_extension=<colcon_core.verb.build.BuildVerb object at 0x7f966fd963b0>, main=<bound method BuildVerb.main of <colcon_core.verb.build.BuildVerb object at 0x7f966fd963b0>>)
[0.573s] Level 1:colcon.colcon_core.package_discovery:discover_packages(colcon_meta) check parameters
[0.574s] Level 1:colcon.colcon_core.package_discovery:discover_packages(recursive) check parameters
[0.574s] Level 1:colcon.colcon_core.package_discovery:discover_packages(ignore) check parameters
[0.574s] Level 1:colcon.colcon_core.package_discovery:discover_packages(path) check parameters
[0.574s] Level 1:colcon.colcon_core.package_discovery:discover_packages(colcon_meta) discover
[0.574s] Level 1:colcon.colcon_core.package_discovery:discover_packages(recursive) discover
[0.574s] INFO:colcon.colcon_core.package_discovery:Crawling recursively for packages in '/uolstore/home/users/fy21jrz/ros2_ws/src/ros2_project_fy21jrz'
[0.574s] Level 1:colcon.colcon_core.package_identification:_identify(.) by extensions ['ignore', 'ignore_ament_install']
[0.575s] Level 1:colcon.colcon_core.package_identification:_identify(.) by extension 'ignore'
[0.575s] Level 1:colcon.colcon_core.package_identification:_identify(.) by extension 'ignore_ament_install'
[0.576s] Level 1:colcon.colcon_core.package_identification:_identify(.) by extensions ['colcon_pkg']
[0.576s] Level 1:colcon.colcon_core.package_identification:_identify(.) by extension 'colcon_pkg'
[0.576s] Level 1:colcon.colcon_core.package_identification:_identify(.) by extensions ['colcon_meta']
[0.576s] Level 1:colcon.colcon_core.package_identification:_identify(.) by extension 'colcon_meta'
[0.576s] Level 1:colcon.colcon_core.package_identification:_identify(.) by extensions ['ros']
[0.576s] Level 1:colcon.colcon_core.package_identification:_identify(.) by extension 'ros'
[0.591s] DEBUG:colcon.colcon_core.package_identification:Package '.' with type 'ros.ament_python' and name 'ros2_project_fy21jrz'
[0.591s] Level 1:colcon.colcon_core.package_discovery:discover_packages(recursive) using defaults
[0.591s] Level 1:colcon.colcon_core.package_discovery:discover_packages(ignore) discover
[0.592s] Level 1:colcon.colcon_core.package_discovery:discover_packages(ignore) using defaults
[0.592s] Level 1:colcon.colcon_core.package_discovery:discover_packages(path) discover
[0.592s] Level 1:colcon.colcon_core.package_discovery:discover_packages(path) using defaults
[0.640s] Level 1:colcon.colcon_core.package_discovery:discover_packages(prefix_path) check parameters
[0.640s] Level 1:colcon.colcon_core.package_discovery:discover_packages(prefix_path) discover
[0.646s] Level 1:colcon.colcon_core.package_discovery:discover_packages(prefix_path) using defaults
[0.655s] Level 5:colcon.colcon_core.verb:set package 'ros2_project_fy21jrz' build argument 'cmake_args' from command line to 'None'
[0.655s] Level 5:colcon.colcon_core.verb:set package 'ros2_project_fy21jrz' build argument 'cmake_target' from command line to 'None'
[0.655s] Level 5:colcon.colcon_core.verb:set package 'ros2_project_fy21jrz' build argument 'cmake_target_skip_unavailable' from command line to 'False'
[0.655s] Level 5:colcon.colcon_core.verb:set package 'ros2_project_fy21jrz' build argument 'cmake_clean_cache' from command line to 'False'
[0.655s] Level 5:colcon.colcon_core.verb:set package 'ros2_project_fy21jrz' build argument 'cmake_clean_first' from command line to 'False'
[0.655s] Level 5:colcon.colcon_core.verb:set package 'ros2_project_fy21jrz' build argument 'cmake_force_configure' from command line to 'False'
[0.655s] Level 5:colcon.colcon_core.verb:set package 'ros2_project_fy21jrz' build argument 'ament_cmake_args' from command line to 'None'
[0.655s] Level 5:colcon.colcon_core.verb:set package 'ros2_project_fy21jrz' build argument 'catkin_cmake_args' from command line to 'None'
[0.655s] Level 5:colcon.colcon_core.verb:set package 'ros2_project_fy21jrz' build argument 'catkin_skip_building_tests' from command line to 'False'
[0.655s] DEBUG:colcon.colcon_core.verb:Building package 'ros2_project_fy21jrz' with the following arguments: {'ament_cmake_args': None, 'build_base': '/uolstore/home/users/fy21jrz/ros2_ws/src/ros2_project_fy21jrz/build/ros2_project_fy21jrz', 'catkin_cmake_args': None, 'catkin_skip_building_tests': False, 'cmake_args': None, 'cmake_clean_cache': False, 'cmake_clean_first': False, 'cmake_force_configure': False, 'cmake_target': None, 'cmake_target_skip_unavailable': False, 'install_base': '/uolstore/home/users/fy21jrz/ros2_ws/src/ros2_project_fy21jrz/install/ros2_project_fy21jrz', 'merge_install': False, 'path': '/uolstore/home/users/fy21jrz/ros2_ws/src/ros2_project_fy21jrz', 'symlink_install': False, 'test_result_base': None}
[0.659s] INFO:colcon.colcon_core.executor:Executing jobs using 'parallel' executor
[0.664s] DEBUG:colcon.colcon_parallel_executor.executor.parallel:run_until_complete
[0.664s] INFO:colcon.colcon_ros.task.ament_python.build:Building ROS package in '/uolstore/home/users/fy21jrz/ros2_ws/src/ros2_project_fy21jrz' with build type 'ament_python'
[0.664s] Level 1:colcon.colcon_core.shell:create_environment_hook('ros2_project_fy21jrz', 'ament_prefix_path')
[0.672s] INFO:colcon.colcon_core.plugin_system:Skipping extension 'colcon_core.shell.bat': Not used on non-Windows systems
[0.672s] INFO:colcon.colcon_core.shell:Creating environment hook '/uolstore/home/users/fy21jrz/ros2_ws/src/ros2_project_fy21jrz/install/ros2_project_fy21jrz/share/ros2_project_fy21jrz/hook/ament_prefix_path.ps1'
[0.680s] INFO:colcon.colcon_core.shell:Creating environment descriptor '/uolstore/home/users/fy21jrz/ros2_ws/src/ros2_project_fy21jrz/install/ros2_project_fy21jrz/share/ros2_project_fy21jrz/hook/ament_prefix_path.dsv'
[0.682s] INFO:colcon.colcon_core.shell:Creating environment hook '/uolstore/home/users/fy21jrz/ros2_ws/src/ros2_project_fy21jrz/install/ros2_project_fy21jrz/share/ros2_project_fy21jrz/hook/ament_prefix_path.sh'
[0.689s] INFO:colcon.colcon_core.shell:Skip shell extension 'powershell' for command environment: Not usable outside of PowerShell
[0.689s] DEBUG:colcon.colcon_core.shell:Skip shell extension 'dsv' for command environment
[0.880s] INFO:colcon.colcon_core.task.python.build:Building Python package in '/uolstore/home/users/fy21jrz/ros2_ws/src/ros2_project_fy21jrz'
[0.884s] INFO:colcon.colcon_core.shell:Skip shell extension 'powershell' for command environment: Not usable outside of PowerShell
[0.884s] DEBUG:colcon.colcon_core.shell:Skip shell extension 'dsv' for command environment
[1.206s] DEBUG:colcon.colcon_core.event_handler.log_command:Invoking command in '/uolstore/home/users/fy21jrz/ros2_ws/src/ros2_project_fy21jrz': PS1=[COMP3631] Singularity> \w $ PYTHONPATH=/uolstore/home/users/fy21jrz/ros2_ws/src/ros2_project_fy21jrz/build/ros2_project_fy21jrz/prefix_override:/uolstore/home/users/fy21jrz/ros2_ws/src/ros2_project_fy21jrz/install/ros2_project_fy21jrz/lib/python3.10/site-packages: /usr/bin/python3 setup.py egg_info --egg-base build/ros2_project_fy21jrz build --build-base /uolstore/home/users/fy21jrz/ros2_ws/src/ros2_project_fy21jrz/build/ros2_project_fy21jrz/build install --record /uolstore/home/users/fy21jrz/ros2_ws/src/ros2_project_fy21jrz/build/ros2_project_fy21jrz/install.log --single-version-externally-managed
[1.625s] DEBUG:colcon.colcon_core.event_handler.log_command:Invoked command in '/uolstore/home/users/fy21jrz/ros2_ws/src/ros2_project_fy21jrz' returned '0': PS1=[COMP3631] Singularity> \w $ PYTHONPATH=/uolstore/home/users/fy21jrz/ros2_ws/src/ros2_project_fy21jrz/build/ros2_project_fy21jrz/prefix_override:/uolstore/home/users/fy21jrz/ros2_ws/src/ros2_project_fy21jrz/install/ros2_project_fy21jrz/lib/python3.10/site-packages: /usr/bin/python3 setup.py egg_info --egg-base build/ros2_project_fy21jrz build --build-base /uolstore/home/users/fy21jrz/ros2_ws/src/ros2_project_fy21jrz/build/ros2_project_fy21jrz/build install --record /uolstore/home/users/fy21jrz/ros2_ws/src/ros2_project_fy21jrz/build/ros2_project_fy21jrz/install.log --single-version-externally-managed
[1.634s] Level 1:colcon.colcon_core.environment:checking '/uolstore/home/users/fy21jrz/ros2_ws/src/ros2_project_fy21jrz/install/ros2_project_fy21jrz' for CMake module files
[1.641s] Level 1:colcon.colcon_core.environment:checking '/uolstore/home/users/fy21jrz/ros2_ws/src/ros2_project_fy21jrz/install/ros2_project_fy21jrz' for CMake config files
[1.653s] Level 1:colcon.colcon_core.environment:checking '/uolstore/home/users/fy21jrz/ros2_ws/src/ros2_project_fy21jrz/install/ros2_project_fy21jrz/lib'
[1.653s] Level 1:colcon.colcon_core.environment:checking '/uolstore/home/users/fy21jrz/ros2_ws/src/ros2_project_fy21jrz/install/ros2_project_fy21jrz/bin'
[1.654s] Level 1:colcon.colcon_core.environment:checking '/uolstore/home/users/fy21jrz/ros2_ws/src/ros2_project_fy21jrz/install/ros2_project_fy21jrz/lib/pkgconfig/ros2_project_fy21jrz.pc'
[1.654s] Level 1:colcon.colcon_core.environment:checking '/uolstore/home/users/fy21jrz/ros2_ws/src/ros2_project_fy21jrz/install/ros2_project_fy21jrz/lib/python3.10/site-packages'
[1.654s] Level 1:colcon.colcon_core.shell:create_environment_hook('ros2_project_fy21jrz', 'pythonpath')
[1.660s] INFO:colcon.colcon_core.shell:Creating environment hook '/uolstore/home/users/fy21jrz/ros2_ws/src/ros2_project_fy21jrz/install/ros2_project_fy21jrz/share/ros2_project_fy21jrz/hook/pythonpath.ps1'
[1.663s] INFO:colcon.colcon_core.shell:Creating environment descriptor '/uolstore/home/users/fy21jrz/ros2_ws/src/ros2_project_fy21jrz/install/ros2_project_fy21jrz/share/ros2_project_fy21jrz/hook/pythonpath.dsv'
[1.665s] INFO:colcon.colcon_core.shell:Creating environment hook '/uolstore/home/users/fy21jrz/ros2_ws/src/ros2_project_fy21jrz/install/ros2_project_fy21jrz/share/ros2_project_fy21jrz/hook/pythonpath.sh'
[1.668s] Level 1:colcon.colcon_core.environment:checking '/uolstore/home/users/fy21jrz/ros2_ws/src/ros2_project_fy21jrz/install/ros2_project_fy21jrz/bin'
[1.668s] Level 1:colcon.colcon_core.environment:create_environment_scripts_only(ros2_project_fy21jrz)
[1.673s] INFO:colcon.colcon_core.shell:Creating package script '/uolstore/home/users/fy21jrz/ros2_ws/src/ros2_project_fy21jrz/install/ros2_project_fy21jrz/share/ros2_project_fy21jrz/package.ps1'
[1.677s] INFO:colcon.colcon_core.shell:Creating package descriptor '/uolstore/home/users/fy21jrz/ros2_ws/src/ros2_project_fy21jrz/install/ros2_project_fy21jrz/share/ros2_project_fy21jrz/package.dsv'
[1.680s] INFO:colcon.colcon_core.shell:Creating package script '/uolstore/home/users/fy21jrz/ros2_ws/src/ros2_project_fy21jrz/install/ros2_project_fy21jrz/share/ros2_project_fy21jrz/package.sh'
[1.683s] INFO:colcon.colcon_core.shell:Creating package script '/uolstore/home/users/fy21jrz/ros2_ws/src/ros2_project_fy21jrz/install/ros2_project_fy21jrz/share/ros2_project_fy21jrz/package.bash'
[1.686s] INFO:colcon.colcon_core.shell:Creating package script '/uolstore/home/users/fy21jrz/ros2_ws/src/ros2_project_fy21jrz/install/ros2_project_fy21jrz/share/ros2_project_fy21jrz/package.zsh'
[1.690s] Level 1:colcon.colcon_core.environment:create_file_with_runtime_dependencies(/uolstore/home/users/fy21jrz/ros2_ws/src/ros2_project_fy21jrz/install/ros2_project_fy21jrz/share/colcon-core/packages/ros2_project_fy21jrz)
[1.693s] DEBUG:colcon.colcon_parallel_executor.executor.parallel:closing loop
[1.694s] DEBUG:colcon.colcon_parallel_executor.executor.parallel:loop closed
[1.694s] DEBUG:colcon.colcon_parallel_executor.executor.parallel:run_until_complete finished with '0'
[1.694s] DEBUG:colcon.colcon_core.event_reactor:joining thread
[1.775s] INFO:colcon.colcon_core.plugin_system:Skipping extension 'colcon_notification.desktop_notification.notify_send': Could not find 'notify-send'
[1.775s] INFO:colcon.colcon_core.plugin_system:Skipping extension 'colcon_notification.desktop_notification.terminal_notifier': Not used on non-Darwin systems
[1.775s] INFO:colcon.colcon_core.plugin_system:Skipping extension 'colcon_notification.desktop_notification.win32': Not used on non-Windows systems
[1.775s] INFO:colcon.colcon_notification.desktop_notification:Sending desktop notification using 'notify2'
[1.781s] DEBUG:colcon.colcon_core.event_reactor:joined thread
[1.785s] INFO:colcon.colcon_core.shell:Creating prefix script '/uolstore/home/users/fy21jrz/ros2_ws/src/ros2_project_fy21jrz/install/local_setup.ps1'
[1.789s] INFO:colcon.colcon_core.shell:Creating prefix util module '/uolstore/home/users/fy21jrz/ros2_ws/src/ros2_project_fy21jrz/install/_local_setup_util_ps1.py'
[1.793s] INFO:colcon.colcon_core.shell:Creating prefix chain script '/uolstore/home/users/fy21jrz/ros2_ws/src/ros2_project_fy21jrz/install/setup.ps1'
[1.801s] INFO:colcon.colcon_core.shell:Creating prefix script '/uolstore/home/users/fy21jrz/ros2_ws/src/ros2_project_fy21jrz/install/local_setup.sh'
[1.804s] INFO:colcon.colcon_core.shell:Creating prefix util module '/uolstore/home/users/fy21jrz/ros2_ws/src/ros2_project_fy21jrz/install/_local_setup_util_sh.py'
[1.808s] INFO:colcon.colcon_core.shell:Creating prefix chain script '/uolstore/home/users/fy21jrz/ros2_ws/src/ros2_project_fy21jrz/install/setup.sh'
[1.815s] INFO:colcon.colcon_core.shell:Creating prefix script '/uolstore/home/users/fy21jrz/ros2_ws/src/ros2_project_fy21jrz/install/local_setup.bash'
[1.819s] INFO:colcon.colcon_core.shell:Creating prefix chain script '/uolstore/home/users/fy21jrz/ros2_ws/src/ros2_project_fy21jrz/install/setup.bash'
[1.826s] INFO:colcon.colcon_core.shell:Creating prefix script '/uolstore/home/users/fy21jrz/ros2_ws/src/ros2_project_fy21jrz/install/local_setup.zsh'
[1.830s] INFO:colcon.colcon_core.shell:Creating prefix chain script '/uolstore/home/users/fy21jrz/ros2_ws/src/ros2_project_fy21jrz/install/setup.zsh'
